<?xml version="1.0" encoding="UTF-8"?>
<coverage generated="1626065738282" clover="3.2.0">
  <project timestamp="1626065738284" name="All files">
    <metrics statements="28" coveredstatements="28" conditionals="24" coveredconditionals="24" methods="5" coveredmethods="5" elements="57" coveredelements="57" complexity="0" loc="28" ncloc="28" packages="1" files="1" classes="1"/>
    <file name="functions.js" path="E:\Programs\Apis\ts-test\dist\functions.js">
      <metrics statements="28" coveredstatements="28" conditionals="24" coveredconditionals="24" methods="5" coveredmethods="5"/>
      <line num="2" count="1" type="stmt"/>
      <line num="3" count="1" type="stmt"/>
      <line num="19" count="11" type="cond" truecount="4" falsecount="0"/>
      <line num="20" count="4" type="stmt"/>
      <line num="21" count="7" type="stmt"/>
      <line num="23" count="1" type="stmt"/>
      <line num="39" count="13" type="cond" truecount="4" falsecount="0"/>
      <line num="40" count="6" type="stmt"/>
      <line num="41" count="7" type="stmt"/>
      <line num="43" count="1" type="stmt"/>
      <line num="59" count="12" type="cond" truecount="4" falsecount="0"/>
      <line num="60" count="5" type="stmt"/>
      <line num="61" count="7" type="stmt"/>
      <line num="63" count="1" type="stmt"/>
      <line num="82" count="10" type="cond" truecount="2" falsecount="0"/>
      <line num="83" count="1" type="stmt"/>
      <line num="84" count="9" type="cond" truecount="2" falsecount="0"/>
      <line num="85" count="1" type="stmt"/>
      <line num="86" count="8" type="cond" truecount="4" falsecount="0"/>
      <line num="87" count="1" type="stmt"/>
      <line num="88" count="7" type="stmt"/>
      <line num="90" count="1" type="stmt"/>
      <line num="107" count="68" type="cond" truecount="2" falsecount="0"/>
      <line num="108" count="16" type="stmt"/>
      <line num="109" count="52" type="cond" truecount="2" falsecount="0"/>
      <line num="110" count="12" type="stmt"/>
      <line num="111" count="40" type="stmt"/>
      <line num="113" count="1" type="stmt"/>
    </file>
  </project>
</coverage>
