<?xml version="1.0" encoding="UTF-8"?>
<coverage generated="1626076723163" clover="3.2.0">
  <project timestamp="1626076723163" name="All files">
    <metrics statements="40" coveredstatements="40" conditionals="24" coveredconditionals="24" methods="5" coveredmethods="5" elements="69" coveredelements="69" complexity="0" loc="40" ncloc="40" packages="1" files="5" classes="5"/>
    <file name="addition.js" path="E:\Programs\Apis\ts-test\dist\addition.js">
      <metrics statements="7" coveredstatements="7" conditionals="4" coveredconditionals="4" methods="1" coveredmethods="1"/>
      <line num="2" count="1" type="stmt"/>
      <line num="3" count="1" type="stmt"/>
      <line num="4" count="1" type="stmt"/>
      <line num="20" count="11" type="cond" truecount="4" falsecount="0"/>
      <line num="21" count="4" type="stmt"/>
      <line num="22" count="7" type="stmt"/>
      <line num="24" count="1" type="stmt"/>
    </file>
    <file name="division.js" path="E:\Programs\Apis\ts-test\dist\division.js">
      <metrics statements="11" coveredstatements="11" conditionals="8" coveredconditionals="8" methods="1" coveredmethods="1"/>
      <line num="2" count="1" type="stmt"/>
      <line num="3" count="1" type="stmt"/>
      <line num="4" count="1" type="stmt"/>
      <line num="23" count="10" type="cond" truecount="2" falsecount="0"/>
      <line num="24" count="1" type="stmt"/>
      <line num="25" count="9" type="cond" truecount="2" falsecount="0"/>
      <line num="26" count="1" type="stmt"/>
      <line num="27" count="8" type="cond" truecount="4" falsecount="0"/>
      <line num="28" count="1" type="stmt"/>
      <line num="29" count="7" type="stmt"/>
      <line num="31" count="1" type="stmt"/>
    </file>
    <file name="multiplication.js" path="E:\Programs\Apis\ts-test\dist\multiplication.js">
      <metrics statements="7" coveredstatements="7" conditionals="4" coveredconditionals="4" methods="1" coveredmethods="1"/>
      <line num="2" count="1" type="stmt"/>
      <line num="3" count="1" type="stmt"/>
      <line num="4" count="1" type="stmt"/>
      <line num="20" count="12" type="cond" truecount="4" falsecount="0"/>
      <line num="21" count="5" type="stmt"/>
      <line num="22" count="7" type="stmt"/>
      <line num="24" count="1" type="stmt"/>
    </file>
    <file name="subtraction.js" path="E:\Programs\Apis\ts-test\dist\subtraction.js">
      <metrics statements="7" coveredstatements="7" conditionals="4" coveredconditionals="4" methods="1" coveredmethods="1"/>
      <line num="2" count="1" type="stmt"/>
      <line num="3" count="1" type="stmt"/>
      <line num="4" count="1" type="stmt"/>
      <line num="20" count="13" type="cond" truecount="4" falsecount="0"/>
      <line num="21" count="6" type="stmt"/>
      <line num="22" count="7" type="stmt"/>
      <line num="24" count="1" type="stmt"/>
    </file>
    <file name="validator.js" path="E:\Programs\Apis\ts-test\dist\validator.js">
      <metrics statements="8" coveredstatements="8" conditionals="4" coveredconditionals="4" methods="1" coveredmethods="1"/>
      <line num="2" count="4" type="stmt"/>
      <line num="3" count="4" type="stmt"/>
      <line num="20" count="68" type="cond" truecount="2" falsecount="0"/>
      <line num="21" count="16" type="stmt"/>
      <line num="22" count="52" type="cond" truecount="2" falsecount="0"/>
      <line num="23" count="12" type="stmt"/>
      <line num="24" count="40" type="stmt"/>
      <line num="26" count="4" type="stmt"/>
    </file>
  </project>
</coverage>
