{"E:\\Programs\\Apis\\ts-test\\dist\\functions.js": {"path":"E:\\Programs\\Apis\\ts-test\\dist\\functions.js","statementMap":{"0":{"start":{"line":2,"column":0},"end":{"line":2,"column":62}},"1":{"start":{"line":3,"column":0},"end":{"line":3,"column":101}},"2":{"start":{"line":19,"column":4},"end":{"line":20,"column":27}},"3":{"start":{"line":20,"column":8},"end":{"line":20,"column":27}},"4":{"start":{"line":21,"column":4},"end":{"line":21,"column":15}},"5":{"start":{"line":23,"column":0},"end":{"line":23,"column":18}},"6":{"start":{"line":39,"column":4},"end":{"line":40,"column":27}},"7":{"start":{"line":40,"column":8},"end":{"line":40,"column":27}},"8":{"start":{"line":41,"column":4},"end":{"line":41,"column":15}},"9":{"start":{"line":43,"column":0},"end":{"line":43,"column":28}},"10":{"start":{"line":59,"column":4},"end":{"line":60,"column":27}},"11":{"start":{"line":60,"column":8},"end":{"line":60,"column":27}},"12":{"start":{"line":61,"column":4},"end":{"line":61,"column":15}},"13":{"start":{"line":63,"column":0},"end":{"line":63,"column":28}},"14":{"start":{"line":82,"column":4},"end":{"line":83,"column":17}},"15":{"start":{"line":83,"column":8},"end":{"line":83,"column":17}},"16":{"start":{"line":84,"column":4},"end":{"line":85,"column":19}},"17":{"start":{"line":85,"column":8},"end":{"line":85,"column":19}},"18":{"start":{"line":86,"column":4},"end":{"line":87,"column":27}},"19":{"start":{"line":87,"column":8},"end":{"line":87,"column":27}},"20":{"start":{"line":88,"column":4},"end":{"line":88,"column":15}},"21":{"start":{"line":90,"column":0},"end":{"line":90,"column":24}},"22":{"start":{"line":107,"column":4},"end":{"line":108,"column":21}},"23":{"start":{"line":108,"column":8},"end":{"line":108,"column":21}},"24":{"start":{"line":109,"column":4},"end":{"line":110,"column":21}},"25":{"start":{"line":110,"column":8},"end":{"line":110,"column":21}},"26":{"start":{"line":111,"column":4},"end":{"line":111,"column":16}},"27":{"start":{"line":113,"column":0},"end":{"line":113,"column":40}}},"fnMap":{"0":{"name":"add","decl":{"start":{"line":18,"column":9},"end":{"line":18,"column":12}},"loc":{"start":{"line":18,"column":25},"end":{"line":22,"column":1}},"line":18},"1":{"name":"subtract","decl":{"start":{"line":38,"column":9},"end":{"line":38,"column":17}},"loc":{"start":{"line":38,"column":30},"end":{"line":42,"column":1}},"line":38},"2":{"name":"multiply","decl":{"start":{"line":58,"column":9},"end":{"line":58,"column":17}},"loc":{"start":{"line":58,"column":30},"end":{"line":62,"column":1}},"line":58},"3":{"name":"divide","decl":{"start":{"line":81,"column":9},"end":{"line":81,"column":15}},"loc":{"start":{"line":81,"column":28},"end":{"line":89,"column":1}},"line":81},"4":{"name":"validateNumber","decl":{"start":{"line":106,"column":9},"end":{"line":106,"column":23}},"loc":{"start":{"line":106,"column":29},"end":{"line":112,"column":1}},"line":106}},"branchMap":{"0":{"loc":{"start":{"line":19,"column":4},"end":{"line":20,"column":27}},"type":"if","locations":[{"start":{"line":19,"column":4},"end":{"line":20,"column":27}},{"start":{"line":19,"column":4},"end":{"line":20,"column":27}}],"line":19},"1":{"loc":{"start":{"line":19,"column":8},"end":{"line":19,"column":52}},"type":"binary-expr","locations":[{"start":{"line":19,"column":8},"end":{"line":19,"column":28}},{"start":{"line":19,"column":32},"end":{"line":19,"column":52}}],"line":19},"2":{"loc":{"start":{"line":39,"column":4},"end":{"line":40,"column":27}},"type":"if","locations":[{"start":{"line":39,"column":4},"end":{"line":40,"column":27}},{"start":{"line":39,"column":4},"end":{"line":40,"column":27}}],"line":39},"3":{"loc":{"start":{"line":39,"column":8},"end":{"line":39,"column":52}},"type":"binary-expr","locations":[{"start":{"line":39,"column":8},"end":{"line":39,"column":28}},{"start":{"line":39,"column":32},"end":{"line":39,"column":52}}],"line":39},"4":{"loc":{"start":{"line":59,"column":4},"end":{"line":60,"column":27}},"type":"if","locations":[{"start":{"line":59,"column":4},"end":{"line":60,"column":27}},{"start":{"line":59,"column":4},"end":{"line":60,"column":27}}],"line":59},"5":{"loc":{"start":{"line":59,"column":8},"end":{"line":59,"column":52}},"type":"binary-expr","locations":[{"start":{"line":59,"column":8},"end":{"line":59,"column":28}},{"start":{"line":59,"column":32},"end":{"line":59,"column":52}}],"line":59},"6":{"loc":{"start":{"line":82,"column":4},"end":{"line":83,"column":17}},"type":"if","locations":[{"start":{"line":82,"column":4},"end":{"line":83,"column":17}},{"start":{"line":82,"column":4},"end":{"line":83,"column":17}}],"line":82},"7":{"loc":{"start":{"line":84,"column":4},"end":{"line":85,"column":19}},"type":"if","locations":[{"start":{"line":84,"column":4},"end":{"line":85,"column":19}},{"start":{"line":84,"column":4},"end":{"line":85,"column":19}}],"line":84},"8":{"loc":{"start":{"line":86,"column":4},"end":{"line":87,"column":27}},"type":"if","locations":[{"start":{"line":86,"column":4},"end":{"line":87,"column":27}},{"start":{"line":86,"column":4},"end":{"line":87,"column":27}}],"line":86},"9":{"loc":{"start":{"line":86,"column":8},"end":{"line":86,"column":52}},"type":"binary-expr","locations":[{"start":{"line":86,"column":8},"end":{"line":86,"column":28}},{"start":{"line":86,"column":32},"end":{"line":86,"column":52}}],"line":86},"10":{"loc":{"start":{"line":107,"column":4},"end":{"line":108,"column":21}},"type":"if","locations":[{"start":{"line":107,"column":4},"end":{"line":108,"column":21}},{"start":{"line":107,"column":4},"end":{"line":108,"column":21}}],"line":107},"11":{"loc":{"start":{"line":109,"column":4},"end":{"line":110,"column":21}},"type":"if","locations":[{"start":{"line":109,"column":4},"end":{"line":110,"column":21}},{"start":{"line":109,"column":4},"end":{"line":110,"column":21}}],"line":109}},"s":{"0":1,"1":1,"2":11,"3":4,"4":7,"5":1,"6":13,"7":6,"8":7,"9":1,"10":12,"11":5,"12":7,"13":1,"14":10,"15":1,"16":9,"17":1,"18":8,"19":1,"20":7,"21":1,"22":68,"23":16,"24":52,"25":12,"26":40,"27":1},"f":{"0":11,"1":13,"2":12,"3":10,"4":68},"b":{"0":[4,7],"1":[11,6],"2":[6,7],"3":[13,8],"4":[5,7],"5":[12,7],"6":[1,9],"7":[1,8],"8":[1,7],"9":[8,3],"10":[16,52],"11":[12,40]},"_coverageSchema":"1a1c01bbd47fc00a2c39e90264f33305004495a9","hash":"e25dc9455d146312eba69e09c6d964e8ce8e8fbd"}
}
