{"E:\\Programs\\Apis\\ts-test\\dist\\addition.js": {"path":"E:\\Programs\\Apis\\ts-test\\dist\\addition.js","statementMap":{"0":{"start":{"line":2,"column":0},"end":{"line":2,"column":62}},"1":{"start":{"line":3,"column":0},"end":{"line":3,"column":21}},"2":{"start":{"line":4,"column":20},"end":{"line":4,"column":42}},"3":{"start":{"line":20,"column":4},"end":{"line":21,"column":27}},"4":{"start":{"line":21,"column":8},"end":{"line":21,"column":27}},"5":{"start":{"line":22,"column":4},"end":{"line":22,"column":15}},"6":{"start":{"line":24,"column":0},"end":{"line":24,"column":18}}},"fnMap":{"0":{"name":"add","decl":{"start":{"line":19,"column":9},"end":{"line":19,"column":12}},"loc":{"start":{"line":19,"column":25},"end":{"line":23,"column":1}},"line":19}},"branchMap":{"0":{"loc":{"start":{"line":20,"column":4},"end":{"line":21,"column":27}},"type":"if","locations":[{"start":{"line":20,"column":4},"end":{"line":21,"column":27}},{"start":{"line":20,"column":4},"end":{"line":21,"column":27}}],"line":20},"1":{"loc":{"start":{"line":20,"column":8},"end":{"line":20,"column":76}},"type":"binary-expr","locations":[{"start":{"line":20,"column":8},"end":{"line":20,"column":40}},{"start":{"line":20,"column":44},"end":{"line":20,"column":76}}],"line":20}},"s":{"0":1,"1":1,"2":1,"3":11,"4":4,"5":7,"6":1},"f":{"0":11},"b":{"0":[4,7],"1":[11,6]},"_coverageSchema":"1a1c01bbd47fc00a2c39e90264f33305004495a9","hash":"70fc4e6edc26786cc2141ab93d0c5227f30f73b3"}
,"E:\\Programs\\Apis\\ts-test\\dist\\division.js": {"path":"E:\\Programs\\Apis\\ts-test\\dist\\division.js","statementMap":{"0":{"start":{"line":2,"column":0},"end":{"line":2,"column":62}},"1":{"start":{"line":3,"column":0},"end":{"line":3,"column":24}},"2":{"start":{"line":4,"column":20},"end":{"line":4,"column":42}},"3":{"start":{"line":23,"column":4},"end":{"line":24,"column":17}},"4":{"start":{"line":24,"column":8},"end":{"line":24,"column":17}},"5":{"start":{"line":25,"column":4},"end":{"line":26,"column":19}},"6":{"start":{"line":26,"column":8},"end":{"line":26,"column":19}},"7":{"start":{"line":27,"column":4},"end":{"line":28,"column":27}},"8":{"start":{"line":28,"column":8},"end":{"line":28,"column":27}},"9":{"start":{"line":29,"column":4},"end":{"line":29,"column":15}},"10":{"start":{"line":31,"column":0},"end":{"line":31,"column":24}}},"fnMap":{"0":{"name":"divide","decl":{"start":{"line":22,"column":9},"end":{"line":22,"column":15}},"loc":{"start":{"line":22,"column":28},"end":{"line":30,"column":1}},"line":22}},"branchMap":{"0":{"loc":{"start":{"line":23,"column":4},"end":{"line":24,"column":17}},"type":"if","locations":[{"start":{"line":23,"column":4},"end":{"line":24,"column":17}},{"start":{"line":23,"column":4},"end":{"line":24,"column":17}}],"line":23},"1":{"loc":{"start":{"line":25,"column":4},"end":{"line":26,"column":19}},"type":"if","locations":[{"start":{"line":25,"column":4},"end":{"line":26,"column":19}},{"start":{"line":25,"column":4},"end":{"line":26,"column":19}}],"line":25},"2":{"loc":{"start":{"line":27,"column":4},"end":{"line":28,"column":27}},"type":"if","locations":[{"start":{"line":27,"column":4},"end":{"line":28,"column":27}},{"start":{"line":27,"column":4},"end":{"line":28,"column":27}}],"line":27},"3":{"loc":{"start":{"line":27,"column":8},"end":{"line":27,"column":76}},"type":"binary-expr","locations":[{"start":{"line":27,"column":8},"end":{"line":27,"column":40}},{"start":{"line":27,"column":44},"end":{"line":27,"column":76}}],"line":27}},"s":{"0":1,"1":1,"2":1,"3":10,"4":1,"5":9,"6":1,"7":8,"8":1,"9":7,"10":1},"f":{"0":10},"b":{"0":[1,9],"1":[1,8],"2":[1,7],"3":[8,3]},"_coverageSchema":"1a1c01bbd47fc00a2c39e90264f33305004495a9","hash":"5befdf321cb13eb43ace3f617b5eb8a573998c37"}
,"E:\\Programs\\Apis\\ts-test\\dist\\multiplication.js": {"path":"E:\\Programs\\Apis\\ts-test\\dist\\multiplication.js","statementMap":{"0":{"start":{"line":2,"column":0},"end":{"line":2,"column":62}},"1":{"start":{"line":3,"column":0},"end":{"line":3,"column":26}},"2":{"start":{"line":4,"column":20},"end":{"line":4,"column":42}},"3":{"start":{"line":20,"column":4},"end":{"line":21,"column":27}},"4":{"start":{"line":21,"column":8},"end":{"line":21,"column":27}},"5":{"start":{"line":22,"column":4},"end":{"line":22,"column":15}},"6":{"start":{"line":24,"column":0},"end":{"line":24,"column":28}}},"fnMap":{"0":{"name":"multiply","decl":{"start":{"line":19,"column":9},"end":{"line":19,"column":17}},"loc":{"start":{"line":19,"column":30},"end":{"line":23,"column":1}},"line":19}},"branchMap":{"0":{"loc":{"start":{"line":20,"column":4},"end":{"line":21,"column":27}},"type":"if","locations":[{"start":{"line":20,"column":4},"end":{"line":21,"column":27}},{"start":{"line":20,"column":4},"end":{"line":21,"column":27}}],"line":20},"1":{"loc":{"start":{"line":20,"column":8},"end":{"line":20,"column":76}},"type":"binary-expr","locations":[{"start":{"line":20,"column":8},"end":{"line":20,"column":40}},{"start":{"line":20,"column":44},"end":{"line":20,"column":76}}],"line":20}},"s":{"0":1,"1":1,"2":1,"3":12,"4":5,"5":7,"6":1},"f":{"0":12},"b":{"0":[5,7],"1":[12,7]},"_coverageSchema":"1a1c01bbd47fc00a2c39e90264f33305004495a9","hash":"da47827c88491c4e02f0749f66123cb9ab7fd4c8"}
,"E:\\Programs\\Apis\\ts-test\\dist\\subtraction.js": {"path":"E:\\Programs\\Apis\\ts-test\\dist\\subtraction.js","statementMap":{"0":{"start":{"line":2,"column":0},"end":{"line":2,"column":62}},"1":{"start":{"line":3,"column":0},"end":{"line":3,"column":26}},"2":{"start":{"line":4,"column":20},"end":{"line":4,"column":42}},"3":{"start":{"line":20,"column":4},"end":{"line":21,"column":27}},"4":{"start":{"line":21,"column":8},"end":{"line":21,"column":27}},"5":{"start":{"line":22,"column":4},"end":{"line":22,"column":15}},"6":{"start":{"line":24,"column":0},"end":{"line":24,"column":28}}},"fnMap":{"0":{"name":"subtract","decl":{"start":{"line":19,"column":9},"end":{"line":19,"column":17}},"loc":{"start":{"line":19,"column":30},"end":{"line":23,"column":1}},"line":19}},"branchMap":{"0":{"loc":{"start":{"line":20,"column":4},"end":{"line":21,"column":27}},"type":"if","locations":[{"start":{"line":20,"column":4},"end":{"line":21,"column":27}},{"start":{"line":20,"column":4},"end":{"line":21,"column":27}}],"line":20},"1":{"loc":{"start":{"line":20,"column":8},"end":{"line":20,"column":76}},"type":"binary-expr","locations":[{"start":{"line":20,"column":8},"end":{"line":20,"column":40}},{"start":{"line":20,"column":44},"end":{"line":20,"column":76}}],"line":20}},"s":{"0":1,"1":1,"2":1,"3":13,"4":6,"5":7,"6":1},"f":{"0":13},"b":{"0":[6,7],"1":[13,8]},"_coverageSchema":"1a1c01bbd47fc00a2c39e90264f33305004495a9","hash":"439c30a01c1d3ec408761068a59d0545b4127ce5"}
,"E:\\Programs\\Apis\\ts-test\\dist\\validator.js": {"path":"E:\\Programs\\Apis\\ts-test\\dist\\validator.js","statementMap":{"0":{"start":{"line":2,"column":0},"end":{"line":2,"column":62}},"1":{"start":{"line":3,"column":0},"end":{"line":3,"column":32}},"2":{"start":{"line":20,"column":4},"end":{"line":21,"column":21}},"3":{"start":{"line":21,"column":8},"end":{"line":21,"column":21}},"4":{"start":{"line":22,"column":4},"end":{"line":23,"column":21}},"5":{"start":{"line":23,"column":8},"end":{"line":23,"column":21}},"6":{"start":{"line":24,"column":4},"end":{"line":24,"column":16}},"7":{"start":{"line":26,"column":0},"end":{"line":26,"column":40}}},"fnMap":{"0":{"name":"validateNumber","decl":{"start":{"line":19,"column":9},"end":{"line":19,"column":23}},"loc":{"start":{"line":19,"column":29},"end":{"line":25,"column":1}},"line":19}},"branchMap":{"0":{"loc":{"start":{"line":20,"column":4},"end":{"line":21,"column":21}},"type":"if","locations":[{"start":{"line":20,"column":4},"end":{"line":21,"column":21}},{"start":{"line":20,"column":4},"end":{"line":21,"column":21}}],"line":20},"1":{"loc":{"start":{"line":22,"column":4},"end":{"line":23,"column":21}},"type":"if","locations":[{"start":{"line":22,"column":4},"end":{"line":23,"column":21}},{"start":{"line":22,"column":4},"end":{"line":23,"column":21}}],"line":22}},"s":{"0":4,"1":4,"2":68,"3":16,"4":52,"5":12,"6":40,"7":4},"f":{"0":68},"b":{"0":[16,52],"1":[12,40]},"_coverageSchema":"1a1c01bbd47fc00a2c39e90264f33305004495a9","hash":"cf8028a80e55746d1c8552ba089e0ec5f74f52fe"}
}
