TN:
SF:dist\functions.js
FN:18,add
FN:38,subtract
FN:58,multiply
FN:81,divide
FN:106,validateNumber
FNF:5
FNH:5
FNDA:11,add
FNDA:13,subtract
FNDA:12,multiply
FNDA:10,divide
FNDA:68,validateNumber
DA:2,1
DA:3,1
DA:19,11
DA:20,4
DA:21,7
DA:23,1
DA:39,13
DA:40,6
DA:41,7
DA:43,1
DA:59,12
DA:60,5
DA:61,7
DA:63,1
DA:82,10
DA:83,1
DA:84,9
DA:85,1
DA:86,8
DA:87,1
DA:88,7
DA:90,1
DA:107,68
DA:108,16
DA:109,52
DA:110,12
DA:111,40
DA:113,1
LF:28
LH:28
BRDA:19,0,0,4
BRDA:19,0,1,7
BRDA:19,1,0,11
BRDA:19,1,1,6
BRDA:39,2,0,6
BRDA:39,2,1,7
BRDA:39,3,0,13
BRDA:39,3,1,8
BRDA:59,4,0,5
BRDA:59,4,1,7
BRDA:59,5,0,12
BRDA:59,5,1,7
BRDA:82,6,0,1
BRDA:82,6,1,9
BRDA:84,7,0,1
BRDA:84,7,1,8
BRDA:86,8,0,1
BRDA:86,8,1,7
BRDA:86,9,0,8
BRDA:86,9,1,3
BRDA:107,10,0,16
BRDA:107,10,1,52
BRDA:109,11,0,12
BRDA:109,11,1,40
BRF:24
BRH:24
end_of_record
