TN:
SF:dist\addition.js
FN:19,add
FNF:1
FNH:1
FNDA:11,add
DA:2,1
DA:3,1
DA:4,1
DA:20,11
DA:21,4
DA:22,7
DA:24,1
LF:7
LH:7
BRDA:20,0,0,4
BRDA:20,0,1,7
BRDA:20,1,0,11
BRDA:20,1,1,6
BRF:4
BRH:4
end_of_record
TN:
SF:dist\division.js
FN:22,divide
FNF:1
FNH:1
FNDA:10,divide
DA:2,1
DA:3,1
DA:4,1
DA:23,10
DA:24,1
DA:25,9
DA:26,1
DA:27,8
DA:28,1
DA:29,7
DA:31,1
LF:11
LH:11
BRDA:23,0,0,1
BRDA:23,0,1,9
BRDA:25,1,0,1
BRDA:25,1,1,8
BRDA:27,2,0,1
BRDA:27,2,1,7
BRDA:27,3,0,8
BRDA:27,3,1,3
BRF:8
BRH:8
end_of_record
TN:
SF:dist\multiplication.js
FN:19,multiply
FNF:1
FNH:1
FNDA:12,multiply
DA:2,1
DA:3,1
DA:4,1
DA:20,12
DA:21,5
DA:22,7
DA:24,1
LF:7
LH:7
BRDA:20,0,0,5
BRDA:20,0,1,7
BRDA:20,1,0,12
BRDA:20,1,1,7
BRF:4
BRH:4
end_of_record
TN:
SF:dist\subtraction.js
FN:19,subtract
FNF:1
FNH:1
FNDA:13,subtract
DA:2,1
DA:3,1
DA:4,1
DA:20,13
DA:21,6
DA:22,7
DA:24,1
LF:7
LH:7
BRDA:20,0,0,6
BRDA:20,0,1,7
BRDA:20,1,0,13
BRDA:20,1,1,8
BRF:4
BRH:4
end_of_record
TN:
SF:dist\validator.js
FN:19,validateNumber
FNF:1
FNH:1
FNDA:68,validateNumber
DA:2,4
DA:3,4
DA:20,68
DA:21,16
DA:22,52
DA:23,12
DA:24,40
DA:26,4
LF:8
LH:8
BRDA:20,0,0,16
BRDA:20,0,1,52
BRDA:22,1,0,12
BRDA:22,1,1,40
BRF:4
BRH:4
end_of_record
